<?xml version="1.0" encoding="UTF-8"?>
<!-- Generated by org.testng.reporters.JUnitXMLReporter -->
<testsuite ignored="0" hostname="DESKTOP-M9IMSJT" failures="1" tests="2" name="ChromeTests" time="9.624" errors="0" timestamp="09 Dec 2021 19:49:57 GMT">
  <testcase classname="testCases.TC_001_AccountRegistration" name="testAccountRegistration" time="3.051">
    <failure type="java.lang.AssertionError" message="expected [true] but found [false]">
      <![CDATA[java.lang.AssertionError: expected [true] but found [false]
at testCases.TC_001_AccountRegistration.testAccountRegistration(TC_001_AccountRegistration.java:42)
at java.base/java.util.concurrent.FutureTask.run(FutureTask.java:264)
at java.base/java.util.concurrent.ThreadPoolExecutor.runWorker(ThreadPoolExecutor.java:1136)
at java.base/java.util.concurrent.ThreadPoolExecutor$Worker.run(ThreadPoolExecutor.java:635)
at java.base/java.lang.Thread.run(Thread.java:833)
... Removed 20 stack frames]]>
    </failure>
  </testcase> <!-- testAccountRegistration -->
  <testcase classname="testCases.TC_002_Login" name="testLogin" time="3.814"/>
</testsuite> <!-- ChromeTests -->
